<?xml version="1.0" encoding="UTF-8"?>
<testng-results skipped="0" failed="0" ignored="0" total="1" passed="1">
  <reporter-output>
  </reporter-output>
  <suite name="Default suite" duration-ms="30007" started-at="2020-03-05T15:53:22Z" finished-at="2020-03-05T15:53:52Z">
    <groups>
    </groups>
    <test name="Default test" duration-ms="30007" started-at="2020-03-05T15:53:22Z" finished-at="2020-03-05T15:53:52Z">
      <class name="sumitPack.jenkins">
        <test-method status="PASS" signature="test()[pri:0, instance:sumitPack.jenkins@18be83e4]" name="test" duration-ms="29951" started-at="2020-03-05T15:53:22Z" finished-at="2020-03-05T15:53:52Z">
          <reporter-output>
          </reporter-output>
        </test-method> <!-- test -->
      </class> <!-- sumitPack.jenkins -->
    </test> <!-- Default test -->
  </suite> <!-- Default suite -->
</testng-results>
